
> private-terminal-dashboard@1.0.0 build /mnt/data/work_chan/chan-dashboard
> node scripts/build.mjs

▲ Next.js 16.2.10 (Turbopack)

  Creating an optimized production build ...
✓ Compiled successfully in 13.2s
  Running TypeScript ...
  Finished TypeScript in 7.1s ...
  Collecting page data using 31 workers ...
  Generating static pages using 31 workers (0/11) ...
  Generating static pages using 31 workers (2/11) 
  Generating static pages using 31 workers (5/11) 
  Generating static pages using 31 workers (8/11) 
✓ Generating static pages using 31 workers (11/11) in 1460ms
  Finalizing page optimization ...

Route (app)
┌ ƒ /
├ ƒ /_not-found
├ ƒ /api/auth/login
├ ƒ /api/auth/logout
├ ƒ /api/auth/me
├ ƒ /api/business/leads
├ ƒ /api/business/search
├ ƒ /api/business/website-check
├ ƒ /api/chan/blocks
├ ƒ /api/chan/catalog
├ ƒ /api/chan/image
├ ƒ /api/chan/thread
├ ƒ /api/chat/messages
├ ƒ /api/chat/state
├ ƒ /api/deleted
├ ƒ /api/email/send
├ ƒ /api/reddit/blocks
├ ƒ /api/reddit/comments
├ ƒ /api/reddit/list
├ ƒ /api/youtube/search
├ ƒ /api/youtube/video
├ ƒ /business
├ ƒ /chan
├ ƒ /chat
├ ƒ /dev
├ ƒ /email
├ ƒ /login
├ ƒ /reddit
└ ƒ /youtube


ƒ  (Dynamic)  server-rendered on demand

